{"/home/sacha/Public/openclassroom/architect/P4_architect/backend-nest/src/app.controller.ts": {"path":"/home/sacha/Public/openclassroom/architect/P4_architect/backend-nest/src/app.controller.ts","statementMap":{"0":{"start":{"line":1,"column":0},"end":{"line":1,"column":49}},"1":{"start":{"line":2,"column":0},"end":{"line":2,"column":43}},"2":{"start":{"line":5,"column":7},"end":{"line":12,"column":null}},"3":{"start":{"line":6,"column":31},"end":{"line":6,"column":43}},"4":{"start":{"line":10,"column":4},"end":{"line":10,"column":38}},"5":{"start":{"line":5,"column":13},"end":{"line":5,"column":26}},"6":{"start":{"line":9,"column":2},"end":{"line":11,"column":null}},"7":{"start":{"line":5,"column":13},"end":{"line":12,"column":null}}},"fnMap":{"0":{"name":"(anonymous_2)","decl":{"start":{"line":6,"column":2},"end":{"line":6,"column":31}},"loc":{"start":{"line":6,"column":53},"end":{"line":6,"column":57}}},"1":{"name":"(anonymous_3)","decl":{"start":{"line":9,"column":2},"end":{"line":9,"column":10}},"loc":{"start":{"line":9,"column":10},"end":{"line":11,"column":3}}}},"branchMap":{"0":{"loc":{"start":{"line":6,"column":43},"end":{"line":6,"column":56}},"type":"cond-expr","locations":[{"start":{"line":6,"column":53},"end":{"line":6,"column":56}},{"start":{"line":6,"column":53},"end":{"line":6,"column":56}}]},"1":{"loc":{"start":{"line":6,"column":43},"end":{"line":6,"column":53}},"type":"binary-expr","locations":[{"start":{"line":6,"column":43},"end":{"line":6,"column":56}},{"start":{"line":6,"column":43},"end":{"line":6,"column":53}}]}},"s":{"0":1,"1":1,"2":1,"3":1,"4":1,"5":1,"6":1,"7":1},"f":{"0":1,"1":1},"b":{"0":[1,0],"1":[1,1]}}
,"/home/sacha/Public/openclassroom/architect/P4_architect/backend-nest/src/app.module.ts": {"path":"/home/sacha/Public/openclassroom/architect/P4_architect/backend-nest/src/app.module.ts","statementMap":{"0":{"start":{"line":1,"column":0},"end":{"line":1,"column":40}},"1":{"start":{"line":2,"column":0},"end":{"line":2,"column":48}},"2":{"start":{"line":3,"column":0},"end":{"line":3,"column":46}},"3":{"start":{"line":4,"column":0},"end":{"line":4,"column":48}},"4":{"start":{"line":5,"column":0},"end":{"line":5,"column":51}},"5":{"start":{"line":6,"column":0},"end":{"line":6,"column":42}},"6":{"start":{"line":7,"column":0},"end":{"line":7,"column":56}},"7":{"start":{"line":41,"column":7},"end":{"line":41,"column":null}},"8":{"start":{"line":41,"column":13},"end":{"line":41,"column":22}},"9":{"start":{"line":41,"column":13},"end":{"line":41,"column":null}}},"fnMap":{},"branchMap":{},"s":{"0":0,"1":0,"2":0,"3":0,"4":0,"5":0,"6":0,"7":0,"8":0,"9":0},"f":{},"b":{}}
,"/home/sacha/Public/openclassroom/architect/P4_architect/backend-nest/src/app.service.ts": {"path":"/home/sacha/Public/openclassroom/architect/P4_architect/backend-nest/src/app.service.ts","statementMap":{"0":{"start":{"line":1,"column":0},"end":{"line":1,"column":44}},"1":{"start":{"line":4,"column":7},"end":{"line":8,"column":null}},"2":{"start":{"line":6,"column":4},"end":{"line":6,"column":26}},"3":{"start":{"line":4,"column":13},"end":{"line":4,"column":23}},"4":{"start":{"line":4,"column":13},"end":{"line":8,"column":null}}},"fnMap":{"0":{"name":"(anonymous_1)","decl":{"start":{"line":5,"column":2},"end":{"line":5,"column":10}},"loc":{"start":{"line":5,"column":10},"end":{"line":7,"column":3}}}},"branchMap":{},"s":{"0":1,"1":1,"2":1,"3":1,"4":1},"f":{"0":1},"b":{}}
,"/home/sacha/Public/openclassroom/architect/P4_architect/backend-nest/src/main.ts": {"path":"/home/sacha/Public/openclassroom/architect/P4_architect/backend-nest/src/main.ts","statementMap":{"0":{"start":{"line":1,"column":0},"end":{"line":1,"column":43}},"1":{"start":{"line":2,"column":0},"end":{"line":2,"column":48}},"2":{"start":{"line":3,"column":0},"end":{"line":3,"column":41}},"3":{"start":{"line":11,"column":14},"end":{"line":11,"column":49}},"4":{"start":{"line":15,"column":2},"end":{"line":15,"column":29}},"5":{"start":{"line":20,"column":2},"end":{"line":20,"column":62}},"6":{"start":{"line":24,"column":2},"end":{"line":27,"column":5}},"7":{"start":{"line":30,"column":2},"end":{"line":30,"column":45}},"8":{"start":{"line":32,"column":0},"end":{"line":32,"column":12}}},"fnMap":{"0":{"name":"bootstrap","decl":{"start":{"line":9,"column":15},"end":{"line":9,"column":24}},"loc":{"start":{"line":9,"column":24},"end":{"line":31,"column":1}}}},"branchMap":{"0":{"loc":{"start":{"line":25,"column":12},"end":{"line":25,"column":63}},"type":"binary-expr","locations":[{"start":{"line":25,"column":12},"end":{"line":25,"column":36}},{"start":{"line":25,"column":40},"end":{"line":25,"column":63}}]},"1":{"loc":{"start":{"line":30,"column":19},"end":{"line":30,"column":43}},"type":"binary-expr","locations":[{"start":{"line":30,"column":19},"end":{"line":30,"column":35}},{"start":{"line":30,"column":39},"end":{"line":30,"column":43}}]}},"s":{"0":0,"1":0,"2":0,"3":0,"4":0,"5":0,"6":0,"7":0,"8":0},"f":{"0":0},"b":{"0":[0,0],"1":[0,0]}}
,"/home/sacha/Public/openclassroom/architect/P4_architect/backend-nest/src/auth/auth.controller.ts": {"path":"/home/sacha/Public/openclassroom/architect/P4_architect/backend-nest/src/auth/auth.controller.ts","statementMap":{"0":{"start":{"line":1,"column":0},"end":{"line":1,"column":91}},"1":{"start":{"line":2,"column":0},"end":{"line":2,"column":45}},"2":{"start":{"line":3,"column":0},"end":{"line":3,"column":49}},"3":{"start":{"line":4,"column":0},"end":{"line":4,"column":43}},"4":{"start":{"line":5,"column":0},"end":{"line":5,"column":48}},"5":{"start":{"line":19,"column":7},"end":{"line":53,"column":null}},"6":{"start":{"line":21,"column":22},"end":{"line":21,"column":35}},"7":{"start":{"line":30,"column":4},"end":{"line":30,"column":42}},"8":{"start":{"line":40,"column":4},"end":{"line":40,"column":39}},"9":{"start":{"line":51,"column":4},"end":{"line":51,"column":52}},"10":{"start":{"line":19,"column":13},"end":{"line":19,"column":27}},"11":{"start":{"line":29,"column":2},"end":{"line":31,"column":null}},"12":{"start":{"line":39,"column":2},"end":{"line":41,"column":null}},"13":{"start":{"line":50,"column":2},"end":{"line":52,"column":null}},"14":{"start":{"line":19,"column":13},"end":{"line":53,"column":null}}},"fnMap":{"0":{"name":"(anonymous_4)","decl":{"start":{"line":21,"column":2},"end":{"line":21,"column":22}},"loc":{"start":{"line":21,"column":46},"end":{"line":21,"column":50}}},"1":{"name":"(anonymous_5)","decl":{"start":{"line":29,"column":2},"end":{"line":29,"column":10}},"loc":{"start":{"line":29,"column":35},"end":{"line":31,"column":3}}},"2":{"name":"(anonymous_6)","decl":{"start":{"line":39,"column":2},"end":{"line":39,"column":7}},"loc":{"start":{"line":39,"column":29},"end":{"line":41,"column":3}}},"3":{"name":"(anonymous_7)","decl":{"start":{"line":50,"column":2},"end":{"line":50,"column":4}},"loc":{"start":{"line":50,"column":24},"end":{"line":52,"column":3}}}},"branchMap":{"0":{"loc":{"start":{"line":29,"column":24},"end":{"line":29,"column":null}},"type":"cond-expr","locations":[{"start":{"line":29,"column":35},"end":{"line":29,"column":null}},{"start":{"line":29,"column":35},"end":{"line":29,"column":null}}]},"1":{"loc":{"start":{"line":29,"column":24},"end":{"line":29,"column":35}},"type":"binary-expr","locations":[{"start":{"line":29,"column":24},"end":{"line":29,"column":null}},{"start":{"line":29,"column":24},"end":{"line":29,"column":35}}]},"2":{"loc":{"start":{"line":39,"column":21},"end":{"line":39,"column":null}},"type":"cond-expr","locations":[{"start":{"line":39,"column":29},"end":{"line":39,"column":null}},{"start":{"line":39,"column":29},"end":{"line":39,"column":null}}]},"3":{"loc":{"start":{"line":39,"column":21},"end":{"line":39,"column":29}},"type":"binary-expr","locations":[{"start":{"line":39,"column":21},"end":{"line":39,"column":null}},{"start":{"line":39,"column":21},"end":{"line":39,"column":29}}]},"4":{"loc":{"start":{"line":21,"column":35},"end":{"line":21,"column":49}},"type":"cond-expr","locations":[{"start":{"line":21,"column":46},"end":{"line":21,"column":49}},{"start":{"line":21,"column":46},"end":{"line":21,"column":49}}]},"5":{"loc":{"start":{"line":21,"column":35},"end":{"line":21,"column":46}},"type":"binary-expr","locations":[{"start":{"line":21,"column":35},"end":{"line":21,"column":49}},{"start":{"line":21,"column":35},"end":{"line":21,"column":46}}]}},"s":{"0":1,"1":1,"2":1,"3":1,"4":1,"5":1,"6":3,"7":1,"8":1,"9":1,"10":1,"11":1,"12":1,"13":1,"14":1},"f":{"0":3,"1":1,"2":1,"3":1},"b":{"0":[1,0],"1":[1,1],"2":[1,0],"3":[1,1],"4":[1,0],"5":[1,1]}}
,"/home/sacha/Public/openclassroom/architect/P4_architect/backend-nest/src/auth/auth.module.ts": {"path":"/home/sacha/Public/openclassroom/architect/P4_architect/backend-nest/src/auth/auth.module.ts","statementMap":{"0":{"start":{"line":1,"column":0},"end":{"line":1,"column":40}},"1":{"start":{"line":2,"column":0},"end":{"line":2,"column":48}},"2":{"start":{"line":3,"column":0},"end":{"line":3,"column":40}},"3":{"start":{"line":4,"column":0},"end":{"line":4,"column":50}},"4":{"start":{"line":5,"column":0},"end":{"line":5,"column":37}},"5":{"start":{"line":6,"column":0},"end":{"line":6,"column":45}},"6":{"start":{"line":7,"column":0},"end":{"line":7,"column":51}},"7":{"start":{"line":8,"column":0},"end":{"line":8,"column":45}},"8":{"start":{"line":41,"column":7},"end":{"line":41,"column":null}},"9":{"start":{"line":41,"column":13},"end":{"line":41,"column":23}},"10":{"start":{"line":41,"column":13},"end":{"line":41,"column":null}}},"fnMap":{},"branchMap":{"0":{"loc":{"start":{"line":31,"column":14},"end":{"line":31,"column":65}},"type":"binary-expr","locations":[{"start":{"line":31,"column":14},"end":{"line":31,"column":36}},{"start":{"line":31,"column":40},"end":{"line":31,"column":65}}]}},"s":{"0":0,"1":0,"2":0,"3":0,"4":0,"5":0,"6":0,"7":0,"8":0,"9":0,"10":0},"f":{},"b":{"0":[0,0]}}
,"/home/sacha/Public/openclassroom/architect/P4_architect/backend-nest/src/auth/auth.service.ts": {"path":"/home/sacha/Public/openclassroom/architect/P4_architect/backend-nest/src/auth/auth.service.ts","statementMap":{"0":{"start":{"line":1,"column":0},"end":{"line":1,"column":86}},"1":{"start":{"line":2,"column":0},"end":{"line":2,"column":51}},"2":{"start":{"line":3,"column":0},"end":{"line":3,"column":37}},"3":{"start":{"line":4,"column":0},"end":{"line":4,"column":41}},"4":{"start":{"line":5,"column":0},"end":{"line":5,"column":33}},"5":{"start":{"line":6,"column":0},"end":{"line":6,"column":37}},"6":{"start":{"line":20,"column":7},"end":{"line":85,"column":null}},"7":{"start":{"line":24,"column":36},"end":{"line":24,"column":46}},"8":{"start":{"line":27,"column":12},"end":{"line":27,"column":24}},"9":{"start":{"line":36,"column":21},"end":{"line":36,"column":72}},"10":{"start":{"line":37,"column":4},"end":{"line":37,"column":69}},"11":{"start":{"line":37,"column":18},"end":{"line":37,"column":69}},"12":{"start":{"line":41,"column":21},"end":{"line":41,"column":56}},"13":{"start":{"line":44,"column":17},"end":{"line":44,"column":59}},"14":{"start":{"line":45,"column":4},"end":{"line":45,"column":35}},"15":{"start":{"line":48,"column":4},"end":{"line":48,"column":71}},"16":{"start":{"line":57,"column":17},"end":{"line":57,"column":68}},"17":{"start":{"line":60,"column":4},"end":{"line":60,"column":74}},"18":{"start":{"line":60,"column":15},"end":{"line":60,"column":74}},"19":{"start":{"line":63,"column":18},"end":{"line":63,"column":67}},"20":{"start":{"line":64,"column":4},"end":{"line":64,"column":75}},"21":{"start":{"line":64,"column":16},"end":{"line":64,"column":75}},"22":{"start":{"line":68,"column":18},"end":{"line":68,"column":75}},"23":{"start":{"line":70,"column":4},"end":{"line":73,"column":6}},"24":{"start":{"line":81,"column":17},"end":{"line":81,"column":62}},"25":{"start":{"line":82,"column":4},"end":{"line":82,"column":49}},"26":{"start":{"line":82,"column":15},"end":{"line":82,"column":49}},"27":{"start":{"line":83,"column":4},"end":{"line":83,"column":71}},"28":{"start":{"line":20,"column":13},"end":{"line":20,"column":24}},"29":{"start":{"line":20,"column":13},"end":{"line":85,"column":null}}},"fnMap":{"0":{"name":"(anonymous_13)","decl":{"start":{"line":21,"column":2},"end":{"line":21,"column":null}},"loc":{"start":{"line":27,"column":34},"end":{"line":28,"column":6}}},"1":{"name":"(anonymous_14)","decl":{"start":{"line":34,"column":2},"end":{"line":34,"column":7}},"loc":{"start":{"line":34,"column":33},"end":{"line":49,"column":3}}},"2":{"name":"(anonymous_15)","decl":{"start":{"line":56,"column":2},"end":{"line":56,"column":7}},"loc":{"start":{"line":56,"column":27},"end":{"line":74,"column":3}}},"3":{"name":"(anonymous_16)","decl":{"start":{"line":80,"column":2},"end":{"line":80,"column":7}},"loc":{"start":{"line":80,"column":33},"end":{"line":84,"column":3}}}},"branchMap":{"0":{"loc":{"start":{"line":37,"column":4},"end":{"line":37,"column":69}},"type":"if","locations":[{"start":{"line":37,"column":4},"end":{"line":37,"column":69}},{"start":{},"end":{}}]},"1":{"loc":{"start":{"line":60,"column":4},"end":{"line":60,"column":74}},"type":"if","locations":[{"start":{"line":60,"column":4},"end":{"line":60,"column":74}},{"start":{},"end":{}}]},"2":{"loc":{"start":{"line":64,"column":4},"end":{"line":64,"column":75}},"type":"if","locations":[{"start":{"line":64,"column":4},"end":{"line":64,"column":75}},{"start":{},"end":{}}]},"3":{"loc":{"start":{"line":82,"column":4},"end":{"line":82,"column":49}},"type":"if","locations":[{"start":{"line":82,"column":4},"end":{"line":82,"column":49}},{"start":{},"end":{}}]},"4":{"loc":{"start":{"line":24,"column":46},"end":{"line":24,"column":62}},"type":"cond-expr","locations":[{"start":{"line":24,"column":56},"end":{"line":24,"column":62}},{"start":{"line":24,"column":56},"end":{"line":24,"column":62}}]},"5":{"loc":{"start":{"line":24,"column":46},"end":{"line":24,"column":56}},"type":"binary-expr","locations":[{"start":{"line":24,"column":46},"end":{"line":24,"column":62}},{"start":{"line":24,"column":46},"end":{"line":24,"column":56}}]},"6":{"loc":{"start":{"line":24,"column":56},"end":{"line":27,"column":null}},"type":"cond-expr","locations":[{"start":{"line":27,"column":34},"end":{"line":27,"column":null}},{"start":{"line":27,"column":34},"end":{"line":27,"column":null}}]},"7":{"loc":{"start":{"line":24,"column":56},"end":{"line":27,"column":34}},"type":"binary-expr","locations":[{"start":{"line":24,"column":56},"end":{"line":27,"column":null}},{"start":{"line":27,"column":24},"end":{"line":27,"column":34}}]}},"s":{"0":2,"1":2,"2":2,"3":2,"4":2,"5":2,"6":2,"7":6,"8":6,"9":3,"10":3,"11":1,"12":2,"13":2,"14":2,"15":2,"16":3,"17":3,"18":1,"19":2,"20":2,"21":1,"22":1,"23":1,"24":0,"25":0,"26":0,"27":0,"28":2,"29":2},"f":{"0":6,"1":3,"2":3,"3":0},"b":{"0":[1,2],"1":[1,2],"2":[1,1],"3":[0,0],"4":[2,0],"5":[2,2],"6":[2,0],"7":[2,2]}}
,"/home/sacha/Public/openclassroom/architect/P4_architect/backend-nest/src/auth/jwt-auth.guard.ts": {"path":"/home/sacha/Public/openclassroom/architect/P4_architect/backend-nest/src/auth/jwt-auth.guard.ts","statementMap":{"0":{"start":{"line":1,"column":0},"end":{"line":1,"column":44}},"1":{"start":{"line":2,"column":0},"end":{"line":2,"column":45}},"2":{"start":{"line":17,"column":7},"end":{"line":17,"column":null}},"3":{"start":{"line":17,"column":13},"end":{"line":17,"column":25}},"4":{"start":{"line":17,"column":13},"end":{"line":17,"column":null}}},"fnMap":{},"branchMap":{},"s":{"0":2,"1":2,"2":2,"3":2,"4":2},"f":{},"b":{}}
,"/home/sacha/Public/openclassroom/architect/P4_architect/backend-nest/src/auth/jwt.strategy.ts": {"path":"/home/sacha/Public/openclassroom/architect/P4_architect/backend-nest/src/auth/jwt.strategy.ts","statementMap":{"0":{"start":{"line":1,"column":0},"end":{"line":1,"column":44}},"1":{"start":{"line":2,"column":0},"end":{"line":2,"column":52}},"2":{"start":{"line":3,"column":0},"end":{"line":3,"column":52}},"3":{"start":{"line":21,"column":7},"end":{"line":42,"column":null}},"4":{"start":{"line":23,"column":4},"end":{"line":30,"column":7}},"5":{"start":{"line":40,"column":4},"end":{"line":40,"column":53}},"6":{"start":{"line":21,"column":13},"end":{"line":21,"column":24}},"7":{"start":{"line":21,"column":13},"end":{"line":42,"column":null}}},"fnMap":{"0":{"name":"(anonymous_2)","decl":{"start":{"line":22,"column":2},"end":{"line":22,"column":null}},"loc":{"start":{"line":22,"column":2},"end":{"line":31,"column":3}}},"1":{"name":"(anonymous_3)","decl":{"start":{"line":38,"column":2},"end":{"line":38,"column":10}},"loc":{"start":{"line":38,"column":50},"end":{"line":41,"column":3}}}},"branchMap":{"0":{"loc":{"start":{"line":29,"column":19},"end":{"line":29,"column":70}},"type":"binary-expr","locations":[{"start":{"line":29,"column":19},"end":{"line":29,"column":41}},{"start":{"line":29,"column":45},"end":{"line":29,"column":70}}]}},"s":{"0":1,"1":1,"2":1,"3":1,"4":2,"5":2,"6":1,"7":1},"f":{"0":2,"1":2},"b":{"0":[2,0]}}
,"/home/sacha/Public/openclassroom/architect/P4_architect/backend-nest/src/auth/user.entity.ts": {"path":"/home/sacha/Public/openclassroom/architect/P4_architect/backend-nest/src/auth/user.entity.ts","statementMap":{"0":{"start":{"line":1,"column":0},"end":{"line":1,"column":83}},"1":{"start":{"line":12,"column":7},"end":{"line":32,"column":null}},"2":{"start":{"line":12,"column":13},"end":{"line":12,"column":17}},"3":{"start":{"line":15,"column":2},"end":{"line":15,"column":null}},"4":{"start":{"line":19,"column":2},"end":{"line":19,"column":null}},"5":{"start":{"line":23,"column":2},"end":{"line":23,"column":null}},"6":{"start":{"line":27,"column":2},"end":{"line":27,"column":null}},"7":{"start":{"line":31,"column":2},"end":{"line":31,"column":null}},"8":{"start":{"line":12,"column":13},"end":{"line":32,"column":null}}},"fnMap":{},"branchMap":{"0":{"loc":{"start":{"line":31,"column":13},"end":{"line":31,"column":18}},"type":"cond-expr","locations":[{"start":{"line":31,"column":17},"end":{"line":31,"column":18}},{"start":{"line":31,"column":17},"end":{"line":31,"column":18}}]},"1":{"loc":{"start":{"line":31,"column":13},"end":{"line":31,"column":17}},"type":"binary-expr","locations":[{"start":{"line":31,"column":13},"end":{"line":31,"column":18}},{"start":{"line":31,"column":13},"end":{"line":31,"column":17}}]}},"s":{"0":5,"1":5,"2":5,"3":5,"4":5,"5":5,"6":5,"7":5,"8":5},"f":{},"b":{"0":[5,0],"1":[5,5]}}
,"/home/sacha/Public/openclassroom/architect/P4_architect/backend-nest/src/auth/dto/login.dto.ts": {"path":"/home/sacha/Public/openclassroom/architect/P4_architect/backend-nest/src/auth/dto/login.dto.ts","statementMap":{"0":{"start":{"line":1,"column":0},"end":{"line":1,"column":52}},"1":{"start":{"line":8,"column":0},"end":{"line":8,"column":13}},"2":{"start":{"line":10,"column":2},"end":{"line":10,"column":null}},"3":{"start":{"line":15,"column":2},"end":{"line":15,"column":null}}},"fnMap":{},"branchMap":{},"s":{"0":1,"1":1,"2":1,"3":1},"f":{},"b":{}}
,"/home/sacha/Public/openclassroom/architect/P4_architect/backend-nest/src/auth/dto/register.dto.ts": {"path":"/home/sacha/Public/openclassroom/architect/P4_architect/backend-nest/src/auth/dto/register.dto.ts","statementMap":{"0":{"start":{"line":1,"column":0},"end":{"line":1,"column":63}},"1":{"start":{"line":13,"column":0},"end":{"line":13,"column":13}},"2":{"start":{"line":16,"column":2},"end":{"line":16,"column":null}},"3":{"start":{"line":21,"column":2},"end":{"line":21,"column":null}},"4":{"start":{"line":26,"column":2},"end":{"line":26,"column":null}}},"fnMap":{},"branchMap":{},"s":{"0":1,"1":1,"2":1,"3":1,"4":1},"f":{},"b":{}}
,"/home/sacha/Public/openclassroom/architect/P4_architect/backend-nest/src/files/files.controller.ts": {"path":"/home/sacha/Public/openclassroom/architect/P4_architect/backend-nest/src/files/files.controller.ts","statementMap":{"0":{"start":{"line":1,"column":0},"end":{"line":1,"column":null}},"1":{"start":{"line":15,"column":0},"end":{"line":15,"column":59}},"2":{"start":{"line":16,"column":0},"end":{"line":16,"column":37}},"3":{"start":{"line":18,"column":0},"end":{"line":18,"column":25}},"4":{"start":{"line":19,"column":0},"end":{"line":19,"column":47}},"5":{"start":{"line":20,"column":0},"end":{"line":20,"column":54}},"6":{"start":{"line":21,"column":0},"end":{"line":21,"column":54}},"7":{"start":{"line":31,"column":20},"end":{"line":38,"column":2}},"8":{"start":{"line":33,"column":4},"end":{"line":33,"column":45}},"9":{"start":{"line":34,"column":4},"end":{"line":34,"column":20}},"10":{"start":{"line":37,"column":29},"end":{"line":37,"column":75}},"11":{"start":{"line":52,"column":7},"end":{"line":154,"column":null}},"12":{"start":{"line":53,"column":22},"end":{"line":53,"column":36}},"13":{"start":{"line":63,"column":4},"end":{"line":63,"column":56}},"14":{"start":{"line":82,"column":4},"end":{"line":82,"column":84}},"15":{"start":{"line":96,"column":4},"end":{"line":96,"column":80}},"16":{"start":{"line":108,"column":4},"end":{"line":108,"column":53}},"17":{"start":{"line":126,"column":17},"end":{"line":126,"column":58}},"18":{"start":{"line":127,"column":4},"end":{"line":127,"column":46}},"19":{"start":{"line":144,"column":17},"end":{"line":144,"column":66}},"20":{"start":{"line":147,"column":4},"end":{"line":147,"column":52}},"21":{"start":{"line":148,"column":4},"end":{"line":148,"column":88}},"22":{"start":{"line":152,"column":4},"end":{"line":152,"column":49}},"23":{"start":{"line":52,"column":13},"end":{"line":52,"column":28}},"24":{"start":{"line":62,"column":2},"end":{"line":64,"column":null}},"25":{"start":{"line":77,"column":8},"end":{"line":83,"column":null}},"26":{"start":{"line":92,"column":8},"end":{"line":97,"column":null}},"27":{"start":{"line":107,"column":2},"end":{"line":109,"column":null}},"28":{"start":{"line":125,"column":8},"end":{"line":128,"column":null}},"29":{"start":{"line":139,"column":8},"end":{"line":153,"column":null}},"30":{"start":{"line":52,"column":13},"end":{"line":154,"column":null}}},"fnMap":{"0":{"name":"(anonymous_13)","decl":{"start":{"line":32,"column":15},"end":{"line":32,"column":16}},"loc":{"start":{"line":32,"column":29},"end":{"line":35,"column":3}}},"1":{"name":"(anonymous_14)","decl":{"start":{"line":37,"column":12},"end":{"line":37,"column":13}},"loc":{"start":{"line":37,"column":29},"end":{"line":37,"column":75}}},"2":{"name":"(anonymous_15)","decl":{"start":{"line":53,"column":2},"end":{"line":53,"column":22}},"loc":{"start":{"line":53,"column":48},"end":{"line":53,"column":52}}},"3":{"name":"(anonymous_16)","decl":{"start":{"line":62,"column":2},"end":{"line":62,"column":6}},"loc":{"start":{"line":62,"column":26},"end":{"line":64,"column":3}}},"4":{"name":"(anonymous_17)","decl":{"start":{"line":77,"column":8},"end":{"line":77,"column":14}},"loc":{"start":{"line":80,"column":23},"end":{"line":83,"column":3}}},"5":{"name":"(anonymous_18)","decl":{"start":{"line":92,"column":8},"end":{"line":92,"column":23}},"loc":{"start":{"line":94,"column":30},"end":{"line":97,"column":3}}},"6":{"name":"(anonymous_19)","decl":{"start":{"line":107,"column":2},"end":{"line":107,"column":8}},"loc":{"start":{"line":107,"column":53},"end":{"line":109,"column":3}}},"7":{"name":"(anonymous_20)","decl":{"start":{"line":125,"column":8},"end":{"line":125,"column":18}},"loc":{"start":{"line":125,"column":48},"end":{"line":128,"column":3}}},"8":{"name":"(anonymous_21)","decl":{"start":{"line":139,"column":8},"end":{"line":139,"column":16}},"loc":{"start":{"line":142,"column":24},"end":{"line":153,"column":3}}}},"branchMap":{"0":{"loc":{"start":{"line":78,"column":26},"end":{"line":78,"column":null}},"type":"cond-expr","locations":[{"start":{"line":78,"column":45},"end":{"line":78,"column":null}},{"start":{"line":78,"column":45},"end":{"line":78,"column":null}}]},"1":{"loc":{"start":{"line":78,"column":26},"end":{"line":78,"column":45}},"type":"binary-expr","locations":[{"start":{"line":78,"column":26},"end":{"line":78,"column":34}},{"start":{"line":78,"column":33},"end":{"line":78,"column":41}},{"start":{"line":78,"column":40},"end":{"line":78,"column":45}}]},"2":{"loc":{"start":{"line":78,"column":45},"end":{"line":79,"column":null}},"type":"cond-expr","locations":[{"start":{"line":79,"column":30},"end":{"line":79,"column":null}},{"start":{"line":79,"column":30},"end":{"line":79,"column":null}}]},"3":{"loc":{"start":{"line":78,"column":45},"end":{"line":79,"column":30}},"type":"binary-expr","locations":[{"start":{"line":78,"column":45},"end":{"line":79,"column":null}},{"start":{"line":79,"column":17},"end":{"line":79,"column":30}}]},"4":{"loc":{"start":{"line":93,"column":26},"end":{"line":93,"column":null}},"type":"cond-expr","locations":[{"start":{"line":93,"column":45},"end":{"line":93,"column":null}},{"start":{"line":93,"column":45},"end":{"line":93,"column":null}}]},"5":{"loc":{"start":{"line":93,"column":26},"end":{"line":93,"column":45}},"type":"binary-expr","locations":[{"start":{"line":93,"column":26},"end":{"line":93,"column":34}},{"start":{"line":93,"column":33},"end":{"line":93,"column":41}},{"start":{"line":93,"column":40},"end":{"line":93,"column":45}}]},"6":{"loc":{"start":{"line":93,"column":45},"end":{"line":94,"column":null}},"type":"cond-expr","locations":[{"start":{"line":94,"column":30},"end":{"line":94,"column":null}},{"start":{"line":94,"column":30},"end":{"line":94,"column":null}}]},"7":{"loc":{"start":{"line":93,"column":45},"end":{"line":94,"column":30}},"type":"binary-expr","locations":[{"start":{"line":93,"column":45},"end":{"line":94,"column":null}},{"start":{"line":94,"column":17},"end":{"line":94,"column":30}}]},"8":{"loc":{"start":{"line":53,"column":36},"end":{"line":53,"column":51}},"type":"cond-expr","locations":[{"start":{"line":53,"column":48},"end":{"line":53,"column":51}},{"start":{"line":53,"column":48},"end":{"line":53,"column":51}}]},"9":{"loc":{"start":{"line":53,"column":36},"end":{"line":53,"column":48}},"type":"binary-expr","locations":[{"start":{"line":53,"column":36},"end":{"line":53,"column":51}},{"start":{"line":53,"column":36},"end":{"line":53,"column":48}}]}},"s":{"0":1,"1":1,"2":1,"3":1,"4":1,"5":1,"6":1,"7":1,"8":0,"9":0,"10":0,"11":1,"12":6,"13":1,"14":1,"15":1,"16":1,"17":1,"18":1,"19":1,"20":1,"21":1,"22":1,"23":1,"24":1,"25":1,"26":1,"27":1,"28":1,"29":1,"30":1},"f":{"0":0,"1":0,"2":6,"3":1,"4":1,"5":1,"6":1,"7":1,"8":1},"b":{"0":[0,1],"1":[1,0,0],"2":[1,0],"3":[1,1],"4":[0,1],"5":[1,0,0],"6":[1,0],"7":[1,1],"8":[1,0],"9":[1,1]}}
,"/home/sacha/Public/openclassroom/architect/P4_architect/backend-nest/src/files/files.cron.ts": {"path":"/home/sacha/Public/openclassroom/architect/P4_architect/backend-nest/src/files/files.cron.ts","statementMap":{"0":{"start":{"line":1,"column":0},"end":{"line":1,"column":52}},"1":{"start":{"line":2,"column":0},"end":{"line":2,"column":47}},"2":{"start":{"line":15,"column":22},"end":{"line":35,"column":null}},"3":{"start":{"line":16,"column":28},"end":{"line":16,"column":54}},"4":{"start":{"line":18,"column":22},"end":{"line":18,"column":36}},"5":{"start":{"line":21,"column":4},"end":{"line":21,"column":43}},"6":{"start":{"line":21,"column":21},"end":{"line":21,"column":33}},"7":{"start":{"line":22,"column":4},"end":{"line":22,"column":54}},"8":{"start":{"line":22,"column":22},"end":{"line":22,"column":34}},"9":{"start":{"line":26,"column":4},"end":{"line":33,"column":5}},"10":{"start":{"line":27,"column":20},"end":{"line":27,"column":58}},"11":{"start":{"line":28,"column":6},"end":{"line":30,"column":7}},"12":{"start":{"line":29,"column":8},"end":{"line":29,"column":88}},"13":{"start":{"line":32,"column":6},"end":{"line":32,"column":77}},"14":{"start":{"line":15,"column":13},"end":{"line":15,"column":22}},"15":{"start":{"line":15,"column":13},"end":{"line":35,"column":null}}},"fnMap":{"0":{"name":"(anonymous_2)","decl":{"start":{"line":18,"column":2},"end":{"line":18,"column":22}},"loc":{"start":{"line":18,"column":48},"end":{"line":23,"column":3}}},"1":{"name":"(anonymous_3)","decl":{"start":{"line":21,"column":15},"end":{"line":21,"column":18}},"loc":{"start":{"line":21,"column":21},"end":{"line":21,"column":33}}},"2":{"name":"(anonymous_4)","decl":{"start":{"line":22,"column":16},"end":{"line":22,"column":19}},"loc":{"start":{"line":22,"column":22},"end":{"line":22,"column":34}}},"3":{"name":"(anonymous_5)","decl":{"start":{"line":25,"column":10},"end":{"line":25,"column":15}},"loc":{"start":{"line":25,"column":21},"end":{"line":34,"column":3}}}},"branchMap":{"0":{"loc":{"start":{"line":28,"column":6},"end":{"line":30,"column":7}},"type":"if","locations":[{"start":{"line":28,"column":6},"end":{"line":30,"column":7}},{"start":{},"end":{}}]},"1":{"loc":{"start":{"line":18,"column":36},"end":{"line":18,"column":null}},"type":"cond-expr","locations":[{"start":{"line":18,"column":48},"end":{"line":18,"column":null}},{"start":{"line":18,"column":48},"end":{"line":18,"column":null}}]},"2":{"loc":{"start":{"line":18,"column":36},"end":{"line":18,"column":48}},"type":"binary-expr","locations":[{"start":{"line":18,"column":36},"end":{"line":18,"column":null}},{"start":{"line":18,"column":36},"end":{"line":18,"column":48}}]}},"s":{"0":1,"1":1,"2":1,"3":3,"4":3,"5":3,"6":3,"7":3,"8":0,"9":3,"10":3,"11":2,"12":2,"13":1,"14":1,"15":1},"f":{"0":3,"1":3,"2":0,"3":3},"b":{"0":[2,0],"1":[1,0],"2":[1,1]}}
,"/home/sacha/Public/openclassroom/architect/P4_architect/backend-nest/src/files/files.module.ts": {"path":"/home/sacha/Public/openclassroom/architect/P4_architect/backend-nest/src/files/files.module.ts","statementMap":{"0":{"start":{"line":1,"column":0},"end":{"line":1,"column":40}},"1":{"start":{"line":2,"column":0},"end":{"line":2,"column":48}},"2":{"start":{"line":3,"column":0},"end":{"line":3,"column":50}},"3":{"start":{"line":4,"column":0},"end":{"line":4,"column":47}},"4":{"start":{"line":5,"column":0},"end":{"line":5,"column":53}},"5":{"start":{"line":6,"column":0},"end":{"line":6,"column":41}},"6":{"start":{"line":20,"column":7},"end":{"line":20,"column":null}},"7":{"start":{"line":20,"column":13},"end":{"line":20,"column":24}},"8":{"start":{"line":20,"column":13},"end":{"line":20,"column":null}}},"fnMap":{},"branchMap":{},"s":{"0":0,"1":0,"2":0,"3":0,"4":0,"5":0,"6":0,"7":0,"8":0},"f":{},"b":{}}
,"/home/sacha/Public/openclassroom/architect/P4_architect/backend-nest/src/files/files.service.ts": {"path":"/home/sacha/Public/openclassroom/architect/P4_architect/backend-nest/src/files/files.service.ts","statementMap":{"0":{"start":{"line":1,"column":0},"end":{"line":1,"column":null}},"1":{"start":{"line":8,"column":0},"end":{"line":8,"column":51}},"2":{"start":{"line":9,"column":0},"end":{"line":9,"column":37}},"3":{"start":{"line":10,"column":0},"end":{"line":10,"column":36}},"4":{"start":{"line":11,"column":0},"end":{"line":11,"column":33}},"5":{"start":{"line":12,"column":0},"end":{"line":12,"column":25}},"6":{"start":{"line":13,"column":0},"end":{"line":13,"column":29}},"7":{"start":{"line":14,"column":0},"end":{"line":14,"column":50}},"8":{"start":{"line":18,"column":29},"end":{"line":18,"column":84}},"9":{"start":{"line":21,"column":22},"end":{"line":21,"column":69}},"10":{"start":{"line":24,"column":29},"end":{"line":24,"column":79}},"11":{"start":{"line":27,"column":19},"end":{"line":27,"column":54}},"12":{"start":{"line":34,"column":7},"end":{"line":215,"column":null}},"13":{"start":{"line":36,"column":42},"end":{"line":36,"column":52}},"14":{"start":{"line":45,"column":16},"end":{"line":47,"column":42}},"15":{"start":{"line":48,"column":4},"end":{"line":48,"column":43}},"16":{"start":{"line":49,"column":4},"end":{"line":49,"column":15}},"17":{"start":{"line":72,"column":4},"end":{"line":74,"column":5}},"18":{"start":{"line":73,"column":6},"end":{"line":73,"column":100}},"19":{"start":{"line":76,"column":16},"end":{"line":76,"column":61}},"20":{"start":{"line":77,"column":4},"end":{"line":81,"column":5}},"21":{"start":{"line":79,"column":6},"end":{"line":79,"column":31}},"22":{"start":{"line":80,"column":6},"end":{"line":80,"column":81}},"23":{"start":{"line":83,"column":18},"end":{"line":83,"column":53}},"24":{"start":{"line":85,"column":22},"end":{"line":85,"column":64}},"25":{"start":{"line":88,"column":23},"end":{"line":88,"column":31}},"26":{"start":{"line":92,"column":20},"end":{"line":92,"column":55}},"27":{"start":{"line":93,"column":21},"end":{"line":93,"column":75}},"28":{"start":{"line":94,"column":4},"end":{"line":94,"column":41}},"29":{"start":{"line":95,"column":4},"end":{"line":95,"column":29}},"30":{"start":{"line":98,"column":25},"end":{"line":98,"column":72}},"31":{"start":{"line":100,"column":23},"end":{"line":111,"column":6}},"32":{"start":{"line":113,"column":4},"end":{"line":113,"column":41}},"33":{"start":{"line":114,"column":4},"end":{"line":114,"column":39}},"34":{"start":{"line":122,"column":18},"end":{"line":122,"column":74}},"35":{"start":{"line":123,"column":4},"end":{"line":123,"column":48}},"36":{"start":{"line":123,"column":28},"end":{"line":123,"column":46}},"37":{"start":{"line":134,"column":24},"end":{"line":134,"column":75}},"38":{"start":{"line":135,"column":4},"end":{"line":146,"column":6}},"39":{"start":{"line":155,"column":17},"end":{"line":155,"column":69}},"40":{"start":{"line":156,"column":4},"end":{"line":156,"column":61}},"41":{"start":{"line":156,"column":15},"end":{"line":156,"column":61}},"42":{"start":{"line":157,"column":4},"end":{"line":157,"column":16}},"43":{"start":{"line":166,"column":17},"end":{"line":166,"column":45}},"44":{"start":{"line":169,"column":4},"end":{"line":169,"column":87}},"45":{"start":{"line":169,"column":24},"end":{"line":169,"column":87}},"46":{"start":{"line":171,"column":4},"end":{"line":174,"column":5}},"47":{"start":{"line":172,"column":20},"end":{"line":172,"column":88}},"48":{"start":{"line":173,"column":6},"end":{"line":173,"column":74}},"49":{"start":{"line":173,"column":18},"end":{"line":173,"column":74}},"50":{"start":{"line":176,"column":4},"end":{"line":176,"column":16}},"51":{"start":{"line":186,"column":17},"end":{"line":186,"column":79}},"52":{"start":{"line":187,"column":4},"end":{"line":187,"column":45}},"53":{"start":{"line":187,"column":15},"end":{"line":187,"column":45}},"54":{"start":{"line":191,"column":4},"end":{"line":191,"column":67}},"55":{"start":{"line":191,"column":38},"end":{"line":191,"column":67}},"56":{"start":{"line":192,"column":4},"end":{"line":192,"column":37}},"57":{"start":{"line":203,"column":20},"end":{"line":206,"column":16}},"58":{"start":{"line":208,"column":4},"end":{"line":211,"column":5}},"59":{"start":{"line":209,"column":6},"end":{"line":209,"column":69}},"60":{"start":{"line":209,"column":40},"end":{"line":209,"column":69}},"61":{"start":{"line":210,"column":6},"end":{"line":210,"column":39}},"62":{"start":{"line":213,"column":4},"end":{"line":213,"column":26}},"63":{"start":{"line":34,"column":13},"end":{"line":34,"column":25}},"64":{"start":{"line":34,"column":13},"end":{"line":215,"column":null}}},"fnMap":{"0":{"name":"(anonymous_13)","decl":{"start":{"line":35,"column":2},"end":{"line":35,"column":null}},"loc":{"start":{"line":36,"column":74},"end":{"line":37,"column":6}}},"1":{"name":"(anonymous_14)","decl":{"start":{"line":44,"column":10},"end":{"line":44,"column":22}},"loc":{"start":{"line":44,"column":44},"end":{"line":50,"column":3}}},"2":{"name":"(anonymous_15)","decl":{"start":{"line":65,"column":2},"end":{"line":65,"column":7}},"loc":{"start":{"line":69,"column":24},"end":{"line":115,"column":3}}},"3":{"name":"(anonymous_16)","decl":{"start":{"line":121,"column":2},"end":{"line":121,"column":7}},"loc":{"start":{"line":121,"column":36},"end":{"line":124,"column":3}}},"4":{"name":"(anonymous_17)","decl":{"start":{"line":123,"column":21},"end":{"line":123,"column":22}},"loc":{"start":{"line":123,"column":28},"end":{"line":123,"column":46}}},"5":{"name":"(anonymous_18)","decl":{"start":{"line":133,"column":2},"end":{"line":133,"column":12}},"loc":{"start":{"line":133,"column":29},"end":{"line":147,"column":3}}},"6":{"name":"(anonymous_19)","decl":{"start":{"line":154,"column":2},"end":{"line":154,"column":7}},"loc":{"start":{"line":154,"column":32},"end":{"line":158,"column":3}}},"7":{"name":"(anonymous_20)","decl":{"start":{"line":165,"column":2},"end":{"line":165,"column":7}},"loc":{"start":{"line":165,"column":49},"end":{"line":177,"column":3}}},"8":{"name":"(anonymous_21)","decl":{"start":{"line":185,"column":2},"end":{"line":185,"column":7}},"loc":{"start":{"line":185,"column":45},"end":{"line":193,"column":3}}},"9":{"name":"(anonymous_22)","decl":{"start":{"line":202,"column":2},"end":{"line":202,"column":7}},"loc":{"start":{"line":202,"column":20},"end":{"line":214,"column":3}}}},"branchMap":{"0":{"loc":{"start":{"line":21,"column":29},"end":{"line":21,"column":68}},"type":"binary-expr","locations":[{"start":{"line":21,"column":29},"end":{"line":21,"column":54}},{"start":{"line":21,"column":58},"end":{"line":21,"column":68}}]},"1":{"loc":{"start":{"line":24,"column":36},"end":{"line":24,"column":78}},"type":"binary-expr","locations":[{"start":{"line":24,"column":36},"end":{"line":24,"column":71}},{"start":{"line":24,"column":75},"end":{"line":24,"column":78}}]},"2":{"loc":{"start":{"line":27,"column":19},"end":{"line":27,"column":54}},"type":"binary-expr","locations":[{"start":{"line":27,"column":19},"end":{"line":27,"column":41}},{"start":{"line":27,"column":45},"end":{"line":27,"column":54}}]},"3":{"loc":{"start":{"line":45,"column":16},"end":{"line":47,"column":42}},"type":"cond-expr","locations":[{"start":{"line":46,"column":8},"end":{"line":46,"column":45}},{"start":{"line":47,"column":8},"end":{"line":47,"column":42}}]},"4":{"loc":{"start":{"line":72,"column":4},"end":{"line":74,"column":5}},"type":"if","locations":[{"start":{"line":72,"column":4},"end":{"line":74,"column":5}},{"start":{},"end":{}}]},"5":{"loc":{"start":{"line":77,"column":4},"end":{"line":81,"column":5}},"type":"if","locations":[{"start":{"line":77,"column":4},"end":{"line":81,"column":5}},{"start":{},"end":{}}]},"6":{"loc":{"start":{"line":83,"column":18},"end":{"line":83,"column":53}},"type":"binary-expr","locations":[{"start":{"line":83,"column":18},"end":{"line":83,"column":29}},{"start":{"line":83,"column":33},"end":{"line":83,"column":53}}]},"7":{"loc":{"start":{"line":92,"column":38},"end":{"line":92,"column":54}},"type":"binary-expr","locations":[{"start":{"line":92,"column":38},"end":{"line":92,"column":46}},{"start":{"line":92,"column":50},"end":{"line":92,"column":54}}]},"8":{"loc":{"start":{"line":98,"column":25},"end":{"line":98,"column":72}},"type":"cond-expr","locations":[{"start":{"line":98,"column":36},"end":{"line":98,"column":67}},{"start":{"line":98,"column":70},"end":{"line":98,"column":72}}]},"9":{"loc":{"start":{"line":101,"column":13},"end":{"line":101,"column":25}},"type":"binary-expr","locations":[{"start":{"line":101,"column":13},"end":{"line":101,"column":17}},{"start":{"line":101,"column":21},"end":{"line":101,"column":25}}]},"10":{"loc":{"start":{"line":102,"column":15},"end":{"line":102,"column":31}},"type":"binary-expr","locations":[{"start":{"line":102,"column":15},"end":{"line":102,"column":23}},{"start":{"line":102,"column":27},"end":{"line":102,"column":31}}]},"11":{"loc":{"start":{"line":107,"column":19},"end":{"line":107,"column":62}},"type":"binary-expr","locations":[{"start":{"line":107,"column":19},"end":{"line":107,"column":32}},{"start":{"line":107,"column":36},"end":{"line":107,"column":62}}]},"12":{"loc":{"start":{"line":134,"column":24},"end":{"line":134,"column":75}},"type":"binary-expr","locations":[{"start":{"line":134,"column":24},"end":{"line":134,"column":48}},{"start":{"line":134,"column":52},"end":{"line":134,"column":75}}]},"13":{"loc":{"start":{"line":156,"column":4},"end":{"line":156,"column":61}},"type":"if","locations":[{"start":{"line":156,"column":4},"end":{"line":156,"column":61}},{"start":{},"end":{}}]},"14":{"loc":{"start":{"line":169,"column":4},"end":{"line":169,"column":87}},"type":"if","locations":[{"start":{"line":169,"column":4},"end":{"line":169,"column":87}},{"start":{},"end":{}}]},"15":{"loc":{"start":{"line":171,"column":4},"end":{"line":174,"column":5}},"type":"if","locations":[{"start":{"line":171,"column":4},"end":{"line":174,"column":5}},{"start":{},"end":{}}]},"16":{"loc":{"start":{"line":172,"column":20},"end":{"line":172,"column":88}},"type":"cond-expr","locations":[{"start":{"line":172,"column":31},"end":{"line":172,"column":80}},{"start":{"line":172,"column":83},"end":{"line":172,"column":88}}]},"17":{"loc":{"start":{"line":173,"column":6},"end":{"line":173,"column":74}},"type":"if","locations":[{"start":{"line":173,"column":6},"end":{"line":173,"column":74}},{"start":{},"end":{}}]},"18":{"loc":{"start":{"line":187,"column":4},"end":{"line":187,"column":45}},"type":"if","locations":[{"start":{"line":187,"column":4},"end":{"line":187,"column":45}},{"start":{},"end":{}}]},"19":{"loc":{"start":{"line":191,"column":4},"end":{"line":191,"column":67}},"type":"if","locations":[{"start":{"line":191,"column":4},"end":{"line":191,"column":67}},{"start":{},"end":{}}]},"20":{"loc":{"start":{"line":209,"column":6},"end":{"line":209,"column":69}},"type":"if","locations":[{"start":{"line":209,"column":6},"end":{"line":209,"column":69}},{"start":{},"end":{}}]},"21":{"loc":{"start":{"line":36,"column":52},"end":{"line":36,"column":74}},"type":"cond-expr","locations":[{"start":{"line":36,"column":62},"end":{"line":36,"column":74}},{"start":{"line":36,"column":62},"end":{"line":36,"column":74}}]},"22":{"loc":{"start":{"line":36,"column":52},"end":{"line":36,"column":62}},"type":"binary-expr","locations":[{"start":{"line":36,"column":52},"end":{"line":36,"column":74}},{"start":{"line":36,"column":52},"end":{"line":36,"column":62}}]}},"s":{"0":3,"1":3,"2":3,"3":3,"4":3,"5":3,"6":3,"7":3,"8":3,"9":3,"10":3,"11":3,"12":3,"13":11,"14":2,"15":2,"16":2,"17":3,"18":0,"19":3,"20":3,"21":1,"22":1,"23":2,"24":2,"25":2,"26":2,"27":2,"28":2,"29":0,"30":0,"31":0,"32":0,"33":0,"34":1,"35":1,"36":2,"37":2,"38":2,"39":5,"40":5,"41":1,"42":4,"43":5,"44":4,"45":1,"46":3,"47":2,"48":2,"49":1,"50":2,"51":2,"52":2,"53":1,"54":1,"55":1,"56":1,"57":0,"58":0,"59":0,"60":0,"61":0,"62":0,"63":3,"64":3},"f":{"0":11,"1":2,"2":3,"3":1,"4":2,"5":2,"6":5,"7":5,"8":2,"9":0},"b":{"0":[3,3],"1":[3,3],"2":[3,3],"3":[1,1],"4":[0,3],"5":[1,2],"6":[2,2],"7":[2,1],"8":[0,0],"9":[0,0],"10":[0,0],"11":[0,0],"12":[2,2],"13":[1,4],"14":[1,3],"15":[2,1],"16":[2,0],"17":[1,1],"18":[1,1],"19":[1,0],"20":[0,0],"21":[3,0],"22":[3,3]}}
,"/home/sacha/Public/openclassroom/architect/P4_architect/backend-nest/src/files/shared-file.entity.ts": {"path":"/home/sacha/Public/openclassroom/architect/P4_architect/backend-nest/src/files/shared-file.entity.ts","statementMap":{"0":{"start":{"line":1,"column":0},"end":{"line":1,"column":106}},"1":{"start":{"line":2,"column":0},"end":{"line":2,"column":43}},"2":{"start":{"line":12,"column":7},"end":{"line":79,"column":null}},"3":{"start":{"line":69,"column":4},"end":{"line":69,"column":39}},"4":{"start":{"line":77,"column":4},"end":{"line":77,"column":38}},"5":{"start":{"line":12,"column":13},"end":{"line":12,"column":23}},"6":{"start":{"line":16,"column":2},"end":{"line":16,"column":null}},"7":{"start":{"line":23,"column":2},"end":{"line":23,"column":null}},"8":{"start":{"line":21,"column":19},"end":{"line":21,"column":23}},"9":{"start":{"line":28,"column":2},"end":{"line":28,"column":null}},"10":{"start":{"line":32,"column":2},"end":{"line":32,"column":null}},"11":{"start":{"line":37,"column":2},"end":{"line":37,"column":null}},"12":{"start":{"line":41,"column":2},"end":{"line":41,"column":null}},"13":{"start":{"line":45,"column":2},"end":{"line":45,"column":null}},"14":{"start":{"line":50,"column":2},"end":{"line":50,"column":null}},"15":{"start":{"line":54,"column":2},"end":{"line":54,"column":null}},"16":{"start":{"line":58,"column":2},"end":{"line":58,"column":null}},"17":{"start":{"line":62,"column":2},"end":{"line":62,"column":null}},"18":{"start":{"line":12,"column":13},"end":{"line":79,"column":null}}},"fnMap":{"0":{"name":"(anonymous_2)","decl":{"start":{"line":68,"column":2},"end":{"line":68,"column":6}},"loc":{"start":{"line":68,"column":15},"end":{"line":70,"column":3}}},"1":{"name":"(anonymous_3)","decl":{"start":{"line":76,"column":2},"end":{"line":76,"column":6}},"loc":{"start":{"line":76,"column":25},"end":{"line":78,"column":3}}},"2":{"name":"(anonymous_4)","decl":{"start":{"line":21,"column":13},"end":{"line":21,"column":16}},"loc":{"start":{"line":21,"column":19},"end":{"line":21,"column":23}}}},"branchMap":{"0":{"loc":{"start":{"line":54,"column":13},"end":{"line":54,"column":18}},"type":"cond-expr","locations":[{"start":{"line":54,"column":17},"end":{"line":54,"column":18}},{"start":{"line":54,"column":17},"end":{"line":54,"column":18}}]},"1":{"loc":{"start":{"line":54,"column":13},"end":{"line":54,"column":17}},"type":"binary-expr","locations":[{"start":{"line":54,"column":13},"end":{"line":54,"column":18}},{"start":{"line":54,"column":13},"end":{"line":54,"column":17}}]},"2":{"loc":{"start":{"line":62,"column":13},"end":{"line":62,"column":18}},"type":"cond-expr","locations":[{"start":{"line":62,"column":17},"end":{"line":62,"column":18}},{"start":{"line":62,"column":17},"end":{"line":62,"column":18}}]},"3":{"loc":{"start":{"line":62,"column":13},"end":{"line":62,"column":17}},"type":"binary-expr","locations":[{"start":{"line":62,"column":13},"end":{"line":62,"column":18}},{"start":{"line":62,"column":13},"end":{"line":62,"column":17}}]}},"s":{"0":3,"1":3,"2":3,"3":0,"4":0,"5":3,"6":3,"7":3,"8":0,"9":3,"10":3,"11":3,"12":3,"13":3,"14":3,"15":3,"16":3,"17":3,"18":3},"f":{"0":0,"1":0,"2":0},"b":{"0":[3,0],"1":[3,3],"2":[3,0],"3":[3,3]}}
,"/home/sacha/Public/openclassroom/architect/P4_architect/backend-nest/src/files/dto/upload-file.dto.ts": {"path":"/home/sacha/Public/openclassroom/architect/P4_architect/backend-nest/src/files/dto/upload-file.dto.ts","statementMap":{"0":{"start":{"line":1,"column":0},"end":{"line":1,"column":83}},"1":{"start":{"line":2,"column":0},"end":{"line":2,"column":41}},"2":{"start":{"line":14,"column":0},"end":{"line":14,"column":13}},"3":{"start":{"line":20,"column":2},"end":{"line":20,"column":null}},"4":{"start":{"line":29,"column":2},"end":{"line":29,"column":null}},"5":{"start":{"line":25,"column":14},"end":{"line":25,"column":20}}},"fnMap":{"0":{"name":"(anonymous_2)","decl":{"start":{"line":25,"column":8},"end":{"line":25,"column":11}},"loc":{"start":{"line":25,"column":14},"end":{"line":25,"column":20}}}},"branchMap":{},"s":{"0":1,"1":1,"2":1,"3":1,"4":1,"5":0},"f":{"0":0},"b":{}}
}
