TN:
SF:src/app.controller.ts
FN:6,(anonymous_2)
FN:9,(anonymous_3)
FNF:2
FNH:2
FNDA:1,(anonymous_2)
FNDA:1,(anonymous_3)
DA:1,1
DA:2,1
DA:5,1
DA:6,1
DA:9,1
DA:10,1
LF:6
LH:6
BRDA:6,0,0,1
BRDA:6,0,1,0
BRDA:6,1,0,1
BRDA:6,1,1,1
BRF:4
BRH:3
end_of_record
TN:
SF:src/app.module.ts
FNF:0
FNH:0
DA:1,0
DA:2,0
DA:3,0
DA:4,0
DA:5,0
DA:6,0
DA:7,0
DA:41,0
LF:8
LH:0
BRF:0
BRH:0
end_of_record
TN:
SF:src/app.service.ts
FN:5,(anonymous_1)
FNF:1
FNH:1
FNDA:1,(anonymous_1)
DA:1,1
DA:4,1
DA:6,1
LF:3
LH:3
BRF:0
BRH:0
end_of_record
TN:
SF:src/main.ts
FN:9,bootstrap
FNF:1
FNH:0
FNDA:0,bootstrap
DA:1,0
DA:2,0
DA:3,0
DA:11,0
DA:15,0
DA:20,0
DA:24,0
DA:30,0
DA:32,0
LF:9
LH:0
BRDA:25,0,0,0
BRDA:25,0,1,0
BRDA:30,1,0,0
BRDA:30,1,1,0
BRF:4
BRH:0
end_of_record
TN:
SF:src/auth/auth.controller.ts
FN:21,(anonymous_4)
FN:29,(anonymous_5)
FN:39,(anonymous_6)
FN:50,(anonymous_7)
FNF:4
FNH:4
FNDA:3,(anonymous_4)
FNDA:1,(anonymous_5)
FNDA:1,(anonymous_6)
FNDA:1,(anonymous_7)
DA:1,1
DA:2,1
DA:3,1
DA:4,1
DA:5,1
DA:19,1
DA:21,3
DA:29,1
DA:30,1
DA:39,1
DA:40,1
DA:50,1
DA:51,1
LF:13
LH:13
BRDA:29,0,0,1
BRDA:29,0,1,0
BRDA:29,1,0,1
BRDA:29,1,1,1
BRDA:39,2,0,1
BRDA:39,2,1,0
BRDA:39,3,0,1
BRDA:39,3,1,1
BRDA:21,4,0,1
BRDA:21,4,1,0
BRDA:21,5,0,1
BRDA:21,5,1,1
BRF:12
BRH:9
end_of_record
TN:
SF:src/auth/auth.module.ts
FNF:0
FNH:0
DA:1,0
DA:2,0
DA:3,0
DA:4,0
DA:5,0
DA:6,0
DA:7,0
DA:8,0
DA:41,0
LF:9
LH:0
BRDA:31,0,0,0
BRDA:31,0,1,0
BRF:2
BRH:0
end_of_record
TN:
SF:src/auth/auth.service.ts
FN:21,(anonymous_13)
FN:34,(anonymous_14)
FN:56,(anonymous_15)
FN:80,(anonymous_16)
FNF:4
FNH:3
FNDA:6,(anonymous_13)
FNDA:3,(anonymous_14)
FNDA:3,(anonymous_15)
FNDA:0,(anonymous_16)
DA:1,2
DA:2,2
DA:3,2
DA:4,2
DA:5,2
DA:6,2
DA:20,2
DA:24,6
DA:27,6
DA:36,3
DA:37,3
DA:41,2
DA:44,2
DA:45,2
DA:48,2
DA:57,3
DA:60,3
DA:63,2
DA:64,2
DA:68,1
DA:70,1
DA:81,0
DA:82,0
DA:83,0
LF:24
LH:21
BRDA:37,0,0,1
BRDA:37,0,1,2
BRDA:60,1,0,1
BRDA:60,1,1,2
BRDA:64,2,0,1
BRDA:64,2,1,1
BRDA:82,3,0,0
BRDA:82,3,1,0
BRDA:24,4,0,2
BRDA:24,4,1,0
BRDA:24,5,0,2
BRDA:24,5,1,2
BRDA:24,6,0,2
BRDA:24,6,1,0
BRDA:24,7,0,2
BRDA:24,7,1,2
BRF:16
BRH:12
end_of_record
TN:
SF:src/auth/jwt-auth.guard.ts
FNF:0
FNH:0
DA:1,2
DA:2,2
DA:17,2
LF:3
LH:3
BRF:0
BRH:0
end_of_record
TN:
SF:src/auth/jwt.strategy.ts
FN:22,(anonymous_2)
FN:38,(anonymous_3)
FNF:2
FNH:2
FNDA:2,(anonymous_2)
FNDA:2,(anonymous_3)
DA:1,1
DA:2,1
DA:3,1
DA:21,1
DA:23,2
DA:40,2
LF:6
LH:6
BRDA:29,0,0,2
BRDA:29,0,1,0
BRF:2
BRH:1
end_of_record
TN:
SF:src/auth/user.entity.ts
FNF:0
FNH:0
DA:1,5
DA:12,5
DA:15,5
DA:19,5
DA:23,5
DA:27,5
DA:31,5
LF:7
LH:7
BRDA:31,0,0,5
BRDA:31,0,1,0
BRDA:31,1,0,5
BRDA:31,1,1,5
BRF:4
BRH:3
end_of_record
TN:
SF:src/auth/dto/login.dto.ts
FNF:0
FNH:0
DA:1,1
DA:8,1
DA:10,1
DA:15,1
LF:4
LH:4
BRF:0
BRH:0
end_of_record
TN:
SF:src/auth/dto/register.dto.ts
FNF:0
FNH:0
DA:1,1
DA:13,1
DA:16,1
DA:21,1
DA:26,1
LF:5
LH:5
BRF:0
BRH:0
end_of_record
TN:
SF:src/files/files.controller.ts
FN:32,(anonymous_13)
FN:37,(anonymous_14)
FN:53,(anonymous_15)
FN:62,(anonymous_16)
FN:77,(anonymous_17)
FN:92,(anonymous_18)
FN:107,(anonymous_19)
FN:125,(anonymous_20)
FN:139,(anonymous_21)
FNF:9
FNH:7
FNDA:0,(anonymous_13)
FNDA:0,(anonymous_14)
FNDA:6,(anonymous_15)
FNDA:1,(anonymous_16)
FNDA:1,(anonymous_17)
FNDA:1,(anonymous_18)
FNDA:1,(anonymous_19)
FNDA:1,(anonymous_20)
FNDA:1,(anonymous_21)
DA:1,1
DA:15,1
DA:16,1
DA:18,1
DA:19,1
DA:20,1
DA:21,1
DA:31,1
DA:33,0
DA:34,0
DA:37,0
DA:52,1
DA:53,6
DA:62,1
DA:63,1
DA:77,1
DA:82,1
DA:92,1
DA:96,1
DA:107,1
DA:108,1
DA:125,1
DA:126,1
DA:127,1
DA:139,1
DA:144,1
DA:147,1
DA:148,1
DA:152,1
LF:29
LH:26
BRDA:78,0,0,0
BRDA:78,0,1,1
BRDA:78,1,0,1
BRDA:78,1,1,0
BRDA:78,1,2,0
BRDA:78,2,0,1
BRDA:78,2,1,0
BRDA:78,3,0,1
BRDA:78,3,1,1
BRDA:93,4,0,0
BRDA:93,4,1,1
BRDA:93,5,0,1
BRDA:93,5,1,0
BRDA:93,5,2,0
BRDA:93,6,0,1
BRDA:93,6,1,0
BRDA:93,7,0,1
BRDA:93,7,1,1
BRDA:53,8,0,1
BRDA:53,8,1,0
BRDA:53,9,0,1
BRDA:53,9,1,1
BRF:22
BRH:13
end_of_record
TN:
SF:src/files/files.cron.ts
FN:18,(anonymous_2)
FN:21,(anonymous_3)
FN:22,(anonymous_4)
FN:25,(anonymous_5)
FNF:4
FNH:3
FNDA:3,(anonymous_2)
FNDA:3,(anonymous_3)
FNDA:0,(anonymous_4)
FNDA:3,(anonymous_5)
DA:1,1
DA:2,1
DA:15,1
DA:16,3
DA:18,3
DA:21,3
DA:22,3
DA:26,3
DA:27,3
DA:28,2
DA:29,2
DA:32,1
LF:12
LH:12
BRDA:28,0,0,2
BRDA:28,0,1,0
BRDA:18,1,0,1
BRDA:18,1,1,0
BRDA:18,2,0,1
BRDA:18,2,1,1
BRF:6
BRH:4
end_of_record
TN:
SF:src/files/files.module.ts
FNF:0
FNH:0
DA:1,0
DA:2,0
DA:3,0
DA:4,0
DA:5,0
DA:6,0
DA:20,0
LF:7
LH:0
BRF:0
BRH:0
end_of_record
TN:
SF:src/files/files.service.ts
FN:35,(anonymous_13)
FN:44,(anonymous_14)
FN:65,(anonymous_15)
FN:121,(anonymous_16)
FN:123,(anonymous_17)
FN:133,(anonymous_18)
FN:154,(anonymous_19)
FN:165,(anonymous_20)
FN:185,(anonymous_21)
FN:202,(anonymous_22)
FNF:10
FNH:9
FNDA:11,(anonymous_13)
FNDA:2,(anonymous_14)
FNDA:3,(anonymous_15)
FNDA:1,(anonymous_16)
FNDA:2,(anonymous_17)
FNDA:2,(anonymous_18)
FNDA:5,(anonymous_19)
FNDA:5,(anonymous_20)
FNDA:2,(anonymous_21)
FNDA:0,(anonymous_22)
DA:1,3
DA:8,3
DA:9,3
DA:10,3
DA:11,3
DA:12,3
DA:13,3
DA:14,3
DA:18,3
DA:21,3
DA:24,3
DA:27,3
DA:34,3
DA:36,11
DA:45,2
DA:48,2
DA:49,2
DA:72,3
DA:73,0
DA:76,3
DA:77,3
DA:79,1
DA:80,1
DA:83,2
DA:85,2
DA:88,2
DA:92,2
DA:93,2
DA:94,2
DA:95,0
DA:98,0
DA:100,0
DA:113,0
DA:114,0
DA:122,1
DA:123,2
DA:134,2
DA:135,2
DA:155,5
DA:156,5
DA:157,4
DA:166,5
DA:169,4
DA:171,3
DA:172,2
DA:173,2
DA:176,2
DA:186,2
DA:187,2
DA:191,1
DA:192,1
DA:203,0
DA:208,0
DA:209,0
DA:210,0
DA:213,0
LF:56
LH:45
BRDA:21,0,0,3
BRDA:21,0,1,3
BRDA:24,1,0,3
BRDA:24,1,1,3
BRDA:27,2,0,3
BRDA:27,2,1,3
BRDA:45,3,0,1
BRDA:45,3,1,1
BRDA:72,4,0,0
BRDA:72,4,1,3
BRDA:77,5,0,1
BRDA:77,5,1,2
BRDA:83,6,0,2
BRDA:83,6,1,2
BRDA:92,7,0,2
BRDA:92,7,1,1
BRDA:98,8,0,0
BRDA:98,8,1,0
BRDA:101,9,0,0
BRDA:101,9,1,0
BRDA:102,10,0,0
BRDA:102,10,1,0
BRDA:107,11,0,0
BRDA:107,11,1,0
BRDA:134,12,0,2
BRDA:134,12,1,2
BRDA:156,13,0,1
BRDA:156,13,1,4
BRDA:169,14,0,1
BRDA:169,14,1,3
BRDA:171,15,0,2
BRDA:171,15,1,1
BRDA:172,16,0,2
BRDA:172,16,1,0
BRDA:173,17,0,1
BRDA:173,17,1,1
BRDA:187,18,0,1
BRDA:187,18,1,1
BRDA:191,19,0,1
BRDA:191,19,1,0
BRDA:209,20,0,0
BRDA:209,20,1,0
BRDA:36,21,0,3
BRDA:36,21,1,0
BRDA:36,22,0,3
BRDA:36,22,1,3
BRF:46
BRH:32
end_of_record
TN:
SF:src/files/shared-file.entity.ts
FN:68,(anonymous_2)
FN:76,(anonymous_3)
FN:21,(anonymous_4)
FNF:3
FNH:0
FNDA:0,(anonymous_2)
FNDA:0,(anonymous_3)
FNDA:0,(anonymous_4)
DA:1,3
DA:2,3
DA:12,3
DA:16,3
DA:21,0
DA:23,3
DA:28,3
DA:32,3
DA:37,3
DA:41,3
DA:45,3
DA:50,3
DA:54,3
DA:58,3
DA:62,3
DA:69,0
DA:77,0
LF:17
LH:14
BRDA:54,0,0,3
BRDA:54,0,1,0
BRDA:54,1,0,3
BRDA:54,1,1,3
BRDA:62,2,0,3
BRDA:62,2,1,0
BRDA:62,3,0,3
BRDA:62,3,1,3
BRF:8
BRH:6
end_of_record
TN:
SF:src/files/dto/upload-file.dto.ts
FN:25,(anonymous_2)
FNF:1
FNH:0
FNDA:0,(anonymous_2)
DA:1,1
DA:2,1
DA:14,1
DA:20,1
DA:25,0
DA:29,1
LF:6
LH:5
BRF:0
BRH:0
end_of_record
